
**** 03/24/24 05:39:16 *********** Evaluation PSpice (Nov 1999) **************

 * C:\Users\CS Net Games\Desktop\4th 2ndSem\Electro lab\circuits\Prelab6N1EE.sch


 ****     CIRCUIT DESCRIPTION


******************************************************************************




* Schematics Version 9.1 - Web Update 1
* Sun Mar 24 05:39:16 2024



** Analysis setup **
.tran 0ns 10ms 0 20u
.OP 


* From [PSPICE NETLIST] section of pspiceev.ini:
.lib "nom.lib"

.INC "Prelab6N1EE.net"

**** INCLUDING Prelab6N1EE.net ****
* Schematics Netlist *



V_V1         $N_0001 0 DC 0 AC 0
+SIN 0 5 2000 0 0 0
D_D6         0 $N_0002 D1N4002 
R_R1         $N_0003 $N_0002  10k  
D_D5         $N_0003 $N_0001 D1N4002 
D_D8         $N_0003 0 D1N4002 
D_D7         $N_0001 $N_0002 D1N4002 
C_C1         $N_0003 $N_0002  2.2u  

**** RESUMING Prelab6N1EE.cir ****
.INC "Prelab6N1EE.als"



**** INCLUDING Prelab6N1EE.als ****
* Schematics Aliases *

.ALIASES
V_V1            V1(+=$N_0001 -=0 )
D_D6            D6(1=0 2=$N_0002 )
R_R1            R1(1=$N_0003 2=$N_0002 )
D_D5            D5(1=$N_0003 2=$N_0001 )
D_D8            D8(1=$N_0003 2=0 )
D_D7            D7(1=$N_0001 2=$N_0002 )
C_C1            C1(1=$N_0003 2=$N_0002 )
.ENDALIASES


**** RESUMING Prelab6N1EE.cir ****
.probe


.END

**** 03/24/24 05:39:16 *********** Evaluation PSpice (Nov 1999) **************

 * C:\Users\CS Net Games\Desktop\4th 2ndSem\Electro lab\circuits\Prelab6N1EE.sch


 ****     Diode MODEL PARAMETERS


******************************************************************************




               D1N4002         
          IS   14.110000E-09 
           N    1.984        
         ISR  100.000000E-12 
         IKF   94.81         
          BV  100.1          
         IBV   10            
          RS     .03389      
          TT    4.761000E-06 
         CJO   51.170000E-12 
          VJ     .3905       
           M     .2762       


**** 03/24/24 05:39:16 *********** Evaluation PSpice (Nov 1999) **************

 * C:\Users\CS Net Games\Desktop\4th 2ndSem\Electro lab\circuits\Prelab6N1EE.sch


 ****     SMALL SIGNAL BIAS SOLUTION       TEMPERATURE =   27.000 DEG C


******************************************************************************



 NODE   VOLTAGE     NODE   VOLTAGE     NODE   VOLTAGE     NODE   VOLTAGE


($N_0001)    0.0000                   ($N_0002)-572.8E-21                       

($N_0003)-547.2E-21                   




    VOLTAGE SOURCE CURRENTS
    NAME         CURRENT

    V_V1         0.000E+00

    TOTAL POWER DISSIPATION   0.00E+00  WATTS


**** 03/24/24 05:39:16 *********** Evaluation PSpice (Nov 1999) **************

 * C:\Users\CS Net Games\Desktop\4th 2ndSem\Electro lab\circuits\Prelab6N1EE.sch


 ****     OPERATING POINT INFORMATION      TEMPERATURE =   27.000 DEG C


******************************************************************************






**** DIODES


NAME         D_D6        D_D5        D_D8        D_D7      
MODEL        D1N4002     D1N4002     D1N4002     D1N4002   
ID           0.00E+00    0.00E+00    0.00E+00    0.00E+00 
VD           5.73E-19   -5.47E-19   -5.47E-19    5.73E-19 
REQ          3.61E+06    3.61E+06    3.61E+06    3.61E+06 
CAP          5.25E-11    5.25E-11    5.25E-11    5.25E-11 
**** 03/24/24 05:39:16 *********** Evaluation PSpice (Nov 1999) **************

 * C:\Users\CS Net Games\Desktop\4th 2ndSem\Electro lab\circuits\Prelab6N1EE.sch


 ****     INITIAL TRANSIENT SOLUTION       TEMPERATURE =   27.000 DEG C


******************************************************************************



 NODE   VOLTAGE     NODE   VOLTAGE     NODE   VOLTAGE     NODE   VOLTAGE


($N_0001)    0.0000                   ($N_0002)-572.8E-21                       

($N_0003)-547.2E-21                   




    VOLTAGE SOURCE CURRENTS
    NAME         CURRENT

    V_V1         0.000E+00

    TOTAL POWER DISSIPATION   0.00E+00  WATTS



          JOB CONCLUDED

          TOTAL JOB TIME             .06
